#
# There is insufficient memory for the Java Runtime Environment to continue.
# Native memory allocation (mmap) failed to map 65536 bytes for Failed to commit metaspace.
# Possible reasons:
#   The system is out of physical RAM or swap space
#   The process is running with CompressedOops enabled, and the Java Heap may be blocking the growth of the native heap
# Possible solutions:
#   Reduce memory load on the system
#   Increase physical memory or swap space
#   Check if swap backing store is full
#   Decrease Java heap size (-Xmx/-Xms)
#   Decrease number of Java threads
#   Decrease Java thread stack sizes (-Xss)
#   Set larger code cache with -XX:ReservedCodeCacheSize=
#   JVM is running with Unscaled Compressed Oops mode in which the Java heap is
#     placed in the first 4GB address space. The Java Heap base address is the
#     maximum limit for the native heap growth. Please use -XX:HeapBaseMinAddress
#     to set the Java Heap base and to place the Java Heap above 4GB virtual address.
# This output file may be truncated or incomplete.
#
#  Out of Memory Error (virtualSpaceNode.cpp:110), pid=9220, tid=5656
#
# JRE version: OpenJDK Runtime Environment (17.0.6) (build 17.0.6+0-b2043.56-9586694)
# Java VM: OpenJDK 64-Bit Server VM (17.0.6+0-b2043.56-9586694, mixed mode, tiered, compressed oops, compressed class ptrs, g1 gc, windows-amd64)
# No core dump will be written. Minidumps are not enabled by default on client versions of Windows
#

---------------  S U M M A R Y ------------

Command Line: -Dorg.gradle.appname=gradlew org.gradle.wrapper.GradleWrapperMain -q -Ptarget-platform=android-x64 -Ptarget=C:\capstone\pinkok\Caps_2\lib\main.dart -Pbase-application-name=android.app.Application -Pdart-defines=Zmx1dHRlci5pbnNwZWN0b3Iuc3RydWN0dXJlZEVycm9ycz10cnVl,RkxVVFRFUl9XRUJfQVVUT19ERVRFQ1Q9dHJ1ZQ==,RkxVVFRFUl9XRUJfQ0FOVkFTS0lUX1VSTD1odHRwczovL3d3dy5nc3RhdGljLmNvbS9mbHV0dGVyLWNhbnZhc2tpdC9lNzZjOTU2NDk4ODQxZTFhYjQ1ODU3N2QzODkyMDAzZTU1M2U0ZjNjLw== -Pdart-obfuscation=false -Ptrack-widget-creation=true -Ptree-shake-icons=false -Pfilesystem-scheme=org-dartlang-root assembleDebug

Host: 12th Gen Intel(R) Core(TM) i7-1260P, 16 cores, 7G,  Windows 11 , 64 bit Build 22621 (10.0.22621.3374)
Time: Tue Apr 16 22:24:32 2024  Windows 11 , 64 bit Build 22621 (10.0.22621.3374) elapsed time: 2.147493 seconds (0d 0h 0m 2s)

---------------  T H R E A D  ---------------

Current thread (0x0000022b8d304670):  JavaThread "main" [_thread_in_vm, id=5656, stack(0x00000042f6500000,0x00000042f6600000)]

Stack: [0x00000042f6500000,0x00000042f6600000]
Native frames: (J=compiled Java code, j=interpreted, Vv=VM code, C=native code)
V  [jvm.dll+0x683b4a]
V  [jvm.dll+0x842654]
V  [jvm.dll+0x843dfe]
V  [jvm.dll+0x844463]
V  [jvm.dll+0x249b75]
V  [jvm.dll+0x83e6ab]
V  [jvm.dll+0x627fa6]
V  [jvm.dll+0x62800a]
V  [jvm.dll+0x62a81a]
V  [jvm.dll+0x628946]
V  [jvm.dll+0x23ef80]
V  [jvm.dll+0x1ee40d]
V  [jvm.dll+0x1e3dcc]
V  [jvm.dll+0x547f8d]
V  [jvm.dll+0x1f46eb]
V  [jvm.dll+0x7bc67b]
V  [jvm.dll+0x7bdac2]
V  [jvm.dll+0x7bddf8]
V  [jvm.dll+0x24190e]
V  [jvm.dll+0x241b5f]
V  [jvm.dll+0x565e98]
V  [jvm.dll+0x568dd7]
V  [jvm.dll+0x3883a4]
V  [jvm.dll+0x387a0f]
C  0x0000022b97c2a459

Java frames: (J=compiled Java code, j=interpreted, Vv=VM code)
j  com.sun.management.internal.PlatformMBeanProviderImpl$1.<init>(Lcom/sun/management/internal/PlatformMBeanProviderImpl;)V+32 jdk.management@17.0.6
j  com.sun.management.internal.PlatformMBeanProviderImpl.init()Ljava/util/List;+14 jdk.management@17.0.6
j  com.sun.management.internal.PlatformMBeanProviderImpl.<init>()V+6 jdk.management@17.0.6
v  ~StubRoutines::call_stub
j  jdk.internal.reflect.NativeConstructorAccessorImpl.newInstance0(Ljava/lang/reflect/Constructor;[Ljava/lang/Object;)Ljava/lang/Object;+0 java.base@17.0.6
j  jdk.internal.reflect.NativeConstructorAccessorImpl.newInstance([Ljava/lang/Object;)Ljava/lang/Object;+118 java.base@17.0.6
j  jdk.internal.reflect.DelegatingConstructorAccessorImpl.newInstance([Ljava/lang/Object;)Ljava/lang/Object;+5 java.base@17.0.6
j  java.lang.reflect.Constructor.newInstanceWithCaller([Ljava/lang/Object;ZLjava/lang/Class;)Ljava/lang/Object;+65 java.base@17.0.6
j  java.lang.reflect.Constructor.newInstance([Ljava/lang/Object;)Ljava/lang/Object;+30 java.base@17.0.6
j  java.util.ServiceLoader$ProviderImpl.newInstance()Ljava/lang/Object;+19 java.base@17.0.6
j  java.util.ServiceLoader$ProviderImpl.get()Ljava/lang/Object;+13 java.base@17.0.6
j  java.util.ServiceLoader$3.next()Ljava/lang/Object;+58 java.base@17.0.6
j  java.lang.management.ManagementFactory$PlatformMBeanFinder$1.run()Ljava/util/List;+27 java.management@17.0.6
j  java.lang.management.ManagementFactory$PlatformMBeanFinder$1.run()Ljava/lang/Object;+1 java.management@17.0.6
j  java.security.AccessController.executePrivileged(Ljava/security/PrivilegedAction;Ljava/security/AccessControlContext;Ljava/lang/Class;)Ljava/lang/Object;+29 java.base@17.0.6
j  java.security.AccessController.doPrivileged(Ljava/security/PrivilegedAction;Ljava/security/AccessControlContext;)Ljava/lang/Object;+13 java.base@17.0.6
j  java.security.AccessController.doPrivileged(Ljava/security/PrivilegedAction;Ljava/security/AccessControlContext;[Ljava/security/Permission;)Ljava/lang/Object;+48 java.base@17.0.6
j  java.lang.management.ManagementFactory$PlatformMBeanFinder.<clinit>()V+38 java.management@17.0.6
v  ~StubRoutines::call_stub
j  java.lang.management.ManagementFactory.getPlatformMXBean(Ljava/lang/Class;)Ljava/lang/management/PlatformManagedObject;+1 java.management@17.0.6
j  java.lang.management.ManagementFactory.getRuntimeMXBean()Ljava/lang/management/RuntimeMXBean;+2 java.management@17.0.6
j  org.gradle.process.internal.CurrentProcess.inferJvmOptions(Lorg/gradle/api/internal/file/FileCollectionFactory;)Lorg/gradle/process/internal/JvmOptions;+10
j  org.gradle.process.internal.CurrentProcess.<init>(Lorg/gradle/api/internal/file/FileCollectionFactory;)V+5
j  org.gradle.launcher.daemon.configuration.DaemonJvmOptions.<init>(Lorg/gradle/api/internal/file/FileCollectionFactory;)V+10
j  org.gradle.launcher.daemon.configuration.DaemonParameters.<init>(Lorg/gradle/launcher/configuration/BuildLayoutResult;Lorg/gradle/api/internal/file/FileCollectionFactory;Ljava/util/Map;)V+42
j  org.gradle.launcher.cli.ParametersConverter.convert(Lorg/gradle/cli/ParsedCommandLine;Ljava/io/File;)Lorg/gradle/launcher/cli/Parameters;+74
j  org.gradle.launcher.cli.BuildActionsFactory.createAction(Lorg/gradle/cli/CommandLineParser;Lorg/gradle/cli/ParsedCommandLine;)Lorg/gradle/api/Action;+6
j  org.gradle.launcher.cli.DefaultCommandLineActionFactory$ParseAndBuildAction.createAction(Lorg/gradle/cli/CommandLineParser;Lorg/gradle/cli/ParsedCommandLine;)Lorg/gradle/api/Action;+46
j  org.gradle.launcher.cli.DefaultCommandLineActionFactory$ParseAndBuildAction.execute(Lorg/gradle/launcher/bootstrap/ExecutionListener;)V+37
j  org.gradle.launcher.cli.DefaultCommandLineActionFactory$ParseAndBuildAction.execute(Ljava/lang/Object;)V+5
j  org.gradle.launcher.cli.DebugLoggerWarningAction.execute(Lorg/gradle/launcher/bootstrap/ExecutionListener;)V+9
j  org.gradle.launcher.cli.DebugLoggerWarningAction.execute(Ljava/lang/Object;)V+5
j  org.gradle.launcher.cli.WelcomeMessageAction.execute(Lorg/gradle/launcher/bootstrap/ExecutionListener;)V+218
j  org.gradle.launcher.cli.WelcomeMessageAction.execute(Ljava/lang/Object;)V+5
j  org.gradle.launcher.cli.NativeServicesInitializingAction.execute(Lorg/gradle/launcher/bootstrap/ExecutionListener;)V+35
j  org.gradle.launcher.cli.NativeServicesInitializingAction.execute(Ljava/lang/Object;)V+5
j  org.gradle.launcher.cli.ExceptionReportingAction.execute(Lorg/gradle/launcher/bootstrap/ExecutionListener;)V+5
j  org.gradle.launcher.cli.ExceptionReportingAction.execute(Ljava/lang/Object;)V+5
j  org.gradle.launcher.cli.DefaultCommandLineActionFactory$WithLogging.execute(Lorg/gradle/launcher/bootstrap/ExecutionListener;)V+299
j  org.gradle.launcher.Main.doAction([Ljava/lang/String;Lorg/gradle/launcher/bootstrap/ExecutionListener;)V+14
j  org.gradle.launcher.bootstrap.EntryPoint.run([Ljava/lang/String;)V+12
v  ~StubRoutines::call_stub
j  jdk.internal.reflect.NativeMethodAccessorImpl.invoke0(Ljava/lang/reflect/Method;Ljava/lang/Object;[Ljava/lang/Object;)Ljava/lang/Object;+0 java.base@17.0.6
j  jdk.internal.reflect.NativeMethodAccessorImpl.invoke(Ljava/lang/Object;[Ljava/lang/Object;)Ljava/lang/Object;+133 java.base@17.0.6
j  jdk.internal.reflect.DelegatingMethodAccessorImpl.invoke(Ljava/lang/Object;[Ljava/lang/Object;)Ljava/lang/Object;+6 java.base@17.0.6
j  java.lang.reflect.Method.invoke(Ljava/lang/Object;[Ljava/lang/Object;)Ljava/lang/Object;+59 java.base@17.0.6
j  org.gradle.launcher.bootstrap.ProcessBootstrap.runNoExit(Ljava/lang/String;[Ljava/lang/String;)V+159
j  org.gradle.launcher.bootstrap.ProcessBootstrap.run(Ljava/lang/String;[Ljava/lang/String;)V+2
v  ~StubRoutines::call_stub
j  jdk.internal.reflect.NativeMethodAccessorImpl.invoke0(Ljava/lang/reflect/Method;Ljava/lang/Object;[Ljava/lang/Object;)Ljava/lang/Object;+0 java.base@17.0.6
j  jdk.internal.reflect.NativeMethodAccessorImpl.invoke(Ljava/lang/Object;[Ljava/lang/Object;)Ljava/lang/Object;+133 java.base@17.0.6
j  jdk.internal.reflect.DelegatingMethodAccessorImpl.invoke(Ljava/lang/Object;[Ljava/lang/Object;)Ljava/lang/Object;+6 java.base@17.0.6
j  java.lang.reflect.Method.invoke(Ljava/lang/Object;[Ljava/lang/Object;)Ljava/lang/Object;+59 java.base@17.0.6
j  org.gradle.launcher.GradleMain.main([Ljava/lang/String;)V+100
v  ~StubRoutines::call_stub
j  jdk.internal.reflect.NativeMethodAccessorImpl.invoke0(Ljava/lang/reflect/Method;Ljava/lang/Object;[Ljava/lang/Object;)Ljava/lang/Object;+0 java.base@17.0.6
j  jdk.internal.reflect.NativeMethodAccessorImpl.invoke(Ljava/lang/Object;[Ljava/lang/Object;)Ljava/lang/Object;+133 java.base@17.0.6
j  jdk.internal.reflect.DelegatingMethodAccessorImpl.invoke(Ljava/lang/Object;[Ljava/lang/Object;)Ljava/lang/Object;+6 java.base@17.0.6
j  java.lang.reflect.Method.invoke(Ljava/lang/Object;[Ljava/lang/Object;)Ljava/lang/Object;+59 java.base@17.0.6
j  org.gradle.wrapper.BootstrapMainStarter.start([Ljava/lang/String;Ljava/io/File;)V+82
j  org.gradle.wrapper.WrapperExecutor.execute([Ljava/lang/String;Lorg/gradle/wrapper/Install;Lorg/gradle/wrapper/BootstrapMainStarter;)V+14
j  org.gradle.wrapper.GradleWrapperMain.main([Ljava/lang/String;)V+190
v  ~StubRoutines::call_stub

---------------  P R O C E S S  ---------------

Threads class SMR info:
_java_thread_list=0x0000022ba9093d90, length=14, elements={
0x0000022b8d304670, 0x0000022ba7883c50, 0x0000022ba78848c0, 0x0000022ba848d000,
0x0000022ba848dc70, 0x0000022ba848e780, 0x0000022ba842f440, 0x0000022ba844d500,
0x0000022ba844da10, 0x0000022ba844e400, 0x0000022ba7805ac0, 0x0000022ba8588aa0,
0x0000022ba86026c0, 0x0000022ba9019670
}

Java Threads: ( => current thread )
=>0x0000022b8d304670 JavaThread "main" [_thread_in_vm, id=5656, stack(0x00000042f6500000,0x00000042f6600000)]
  0x0000022ba7883c50 JavaThread "Reference Handler" daemon [_thread_blocked, id=26444, stack(0x00000042f6c00000,0x00000042f6d00000)]
  0x0000022ba78848c0 JavaThread "Finalizer" daemon [_thread_blocked, id=25492, stack(0x00000042f6d00000,0x00000042f6e00000)]
  0x0000022ba848d000 JavaThread "Signal Dispatcher" daemon [_thread_blocked, id=23668, stack(0x00000042f6e00000,0x00000042f6f00000)]
  0x0000022ba848dc70 JavaThread "Attach Listener" daemon [_thread_blocked, id=23332, stack(0x00000042f6f00000,0x00000042f7000000)]
  0x0000022ba848e780 JavaThread "Service Thread" daemon [_thread_blocked, id=25824, stack(0x00000042f7000000,0x00000042f7100000)]
  0x0000022ba842f440 JavaThread "Monitor Deflation Thread" daemon [_thread_blocked, id=20740, stack(0x00000042f7100000,0x00000042f7200000)]
  0x0000022ba844d500 JavaThread "C2 CompilerThread0" daemon [_thread_blocked, id=25348, stack(0x00000042f7200000,0x00000042f7300000)]
  0x0000022ba844da10 JavaThread "C1 CompilerThread0" daemon [_thread_blocked, id=3048, stack(0x00000042f7300000,0x00000042f7400000)]
  0x0000022ba844e400 JavaThread "Sweeper thread" daemon [_thread_blocked, id=24996, stack(0x00000042f7400000,0x00000042f7500000)]
  0x0000022ba7805ac0 JavaThread "C1 CompilerThread1" daemon [_thread_blocked, id=18000, stack(0x00000042f7500000,0x00000042f7600000)]
  0x0000022ba8588aa0 JavaThread "Notification Thread" daemon [_thread_blocked, id=22288, stack(0x00000042f7600000,0x00000042f7700000)]
  0x0000022ba86026c0 JavaThread "Common-Cleaner" daemon [_thread_blocked, id=21652, stack(0x00000042f7800000,0x00000042f7900000)]
  0x0000022ba9019670 JavaThread "pool-1-thread-1" [_thread_blocked, id=10884, stack(0x00000042f7d00000,0x00000042f7e00000)]

Other Threads:
  0x0000022ba787e020 VMThread "VM Thread" [stack: 0x00000042f6b00000,0x00000042f6c00000] [id=23916]
  0x0000022ba8588f70 WatcherThread [stack: 0x00000042f7700000,0x00000042f7800000] [id=21028]
  0x0000022b8d35b730 GCTaskThread "GC Thread#0" [stack: 0x00000042f6600000,0x00000042f6700000] [id=24352]
  0x0000022ba8a6c0b0 GCTaskThread "GC Thread#1" [stack: 0x00000042f7900000,0x00000042f7a00000] [id=23672]
  0x0000022ba8ff10a0 GCTaskThread "GC Thread#2" [stack: 0x00000042f7a00000,0x00000042f7b00000] [id=24536]
  0x0000022ba908dda0 GCTaskThread "GC Thread#3" [stack: 0x00000042f7b00000,0x00000042f7c00000] [id=17152]
  0x0000022ba908e050 GCTaskThread "GC Thread#4" [stack: 0x00000042f7c00000,0x00000042f7d00000] [id=26344]
  0x0000022b8d36ba70 ConcurrentGCThread "G1 Main Marker" [stack: 0x00000042f6700000,0x00000042f6800000] [id=15532]
  0x0000022b8d36cc20 ConcurrentGCThread "G1 Conc#0" [stack: 0x00000042f6800000,0x00000042f6900000] [id=24764]
  0x0000022ba76cdd50 ConcurrentGCThread "G1 Refine#0" [stack: 0x00000042f6900000,0x00000042f6a00000] [id=16728]
  0x0000022ba76ce580 ConcurrentGCThread "G1 Service" [stack: 0x00000042f6a00000,0x00000042f6b00000] [id=17000]

Threads with active compile tasks:

VM state: not at safepoint (normal execution)

VM Mutex/Monitor currently owned by a thread:  ([mutex/lock_event])
[0x0000022b8d2f3f40] Metaspace_lock - owner thread: 0x0000022b8d304670

Heap address: 0x0000000086000000, size: 1952 MB, Compressed Oops mode: 32-bit

CDS archive(s) not mapped
Compressed class space mapped at: 0x0000000100000000-0x0000000140000000, reserved size: 1073741824
Narrow klass base: 0x0000000000000000, Narrow klass shift: 3, Narrow klass range: 0x140000000

GC Precious Log:
 CPUs: 16 total, 16 available
 Memory: 7805M
 Large Page Support: Disabled
 NUMA Support: Disabled
 Compressed Oops: Enabled (32-bit)
 Heap Region Size: 1M
 Heap Min Capacity: 8M
 Heap Initial Capacity: 122M
 Heap Max Capacity: 1952M
 Pre-touch: Disabled
 Parallel Workers: 13
 Concurrent Workers: 3
 Concurrent Refinement Workers: 13
 Periodic GC: Disabled

Heap:
 garbage-first heap   total 124928K, used 15036K [0x0000000086000000, 0x0000000100000000)
  region size 1024K, 9 young (9216K), 3 survivors (3072K)
 Metaspace       used 12786K, committed 12992K, reserved 1064960K
  class space    used 1433K, committed 1536K, reserved 1048576K

Heap Regions: E=young(eden), S=young(survivor), O=old, HS=humongous(starts), HC=humongous(continues), CS=collection set, F=free, OA=open archive, CA=closed archive, TAMS=top-at-mark-start (previous, next)
|   0|0x0000000086000000, 0x0000000086100000, 0x0000000086100000|100%|HS|  |TAMS 0x0000000086000000, 0x0000000086000000| Complete 
|   1|0x0000000086100000, 0x0000000086200000, 0x0000000086200000|100%|HC|  |TAMS 0x0000000086100000, 0x0000000086100000| Complete 
|   2|0x0000000086200000, 0x0000000086300000, 0x0000000086300000|100%|HC|  |TAMS 0x0000000086200000, 0x0000000086200000| Complete 
|   3|0x0000000086300000, 0x0000000086400000, 0x0000000086400000|100%| O|  |TAMS 0x0000000086300000, 0x0000000086300000| Untracked 
|   4|0x0000000086400000, 0x0000000086500000, 0x0000000086500000|100%| O|  |TAMS 0x0000000086400000, 0x0000000086400000| Untracked 
|   5|0x0000000086500000, 0x0000000086600000, 0x0000000086600000|100%| O|  |TAMS 0x0000000086500000, 0x0000000086500000| Untracked 
|   6|0x0000000086600000, 0x00000000866af200, 0x0000000086700000| 68%| O|  |TAMS 0x0000000086600000, 0x0000000086600000| Untracked 
|   7|0x0000000086700000, 0x0000000086700000, 0x0000000086800000|  0%| F|  |TAMS 0x0000000086700000, 0x0000000086700000| Untracked 
|   8|0x0000000086800000, 0x0000000086800000, 0x0000000086900000|  0%| F|  |TAMS 0x0000000086800000, 0x0000000086800000| Untracked 
|   9|0x0000000086900000, 0x0000000086900000, 0x0000000086a00000|  0%| F|  |TAMS 0x0000000086900000, 0x0000000086900000| Untracked 
|  10|0x0000000086a00000, 0x0000000086a00000, 0x0000000086b00000|  0%| F|  |TAMS 0x0000000086a00000, 0x0000000086a00000| Untracked 
|  11|0x0000000086b00000, 0x0000000086b00000, 0x0000000086c00000|  0%| F|  |TAMS 0x0000000086b00000, 0x0000000086b00000| Untracked 
|  12|0x0000000086c00000, 0x0000000086c00000, 0x0000000086d00000|  0%| F|  |TAMS 0x0000000086c00000, 0x0000000086c00000| Untracked 
|  13|0x0000000086d00000, 0x0000000086d00000, 0x0000000086e00000|  0%| F|  |TAMS 0x0000000086d00000, 0x0000000086d00000| Untracked 
|  14|0x0000000086e00000, 0x0000000086e00000, 0x0000000086f00000|  0%| F|  |TAMS 0x0000000086e00000, 0x0000000086e00000| Untracked 
|  15|0x0000000086f00000, 0x0000000086f00000, 0x0000000087000000|  0%| F|  |TAMS 0x0000000086f00000, 0x0000000086f00000| Untracked 
|  16|0x0000000087000000, 0x0000000087000000, 0x0000000087100000|  0%| F|  |TAMS 0x0000000087000000, 0x0000000087000000| Untracked 
|  17|0x0000000087100000, 0x0000000087100000, 0x0000000087200000|  0%| F|  |TAMS 0x0000000087100000, 0x0000000087100000| Untracked 
|  18|0x0000000087200000, 0x0000000087200000, 0x0000000087300000|  0%| F|  |TAMS 0x0000000087200000, 0x0000000087200000| Untracked 
|  19|0x0000000087300000, 0x0000000087300000, 0x0000000087400000|  0%| F|  |TAMS 0x0000000087300000, 0x0000000087300000| Untracked 
|  20|0x0000000087400000, 0x0000000087400000, 0x0000000087500000|  0%| F|  |TAMS 0x0000000087400000, 0x0000000087400000| Untracked 
|  21|0x0000000087500000, 0x0000000087500000, 0x0000000087600000|  0%| F|  |TAMS 0x0000000087500000, 0x0000000087500000| Untracked 
|  22|0x0000000087600000, 0x0000000087600000, 0x0000000087700000|  0%| F|  |TAMS 0x0000000087600000, 0x0000000087600000| Untracked 
|  23|0x0000000087700000, 0x0000000087700000, 0x0000000087800000|  0%| F|  |TAMS 0x0000000087700000, 0x0000000087700000| Untracked 
|  24|0x0000000087800000, 0x0000000087800000, 0x0000000087900000|  0%| F|  |TAMS 0x0000000087800000, 0x0000000087800000| Untracked 
|  25|0x0000000087900000, 0x0000000087900000, 0x0000000087a00000|  0%| F|  |TAMS 0x0000000087900000, 0x0000000087900000| Untracked 
|  26|0x0000000087a00000, 0x0000000087a00000, 0x0000000087b00000|  0%| F|  |TAMS 0x0000000087a00000, 0x0000000087a00000| Untracked 
|  27|0x0000000087b00000, 0x0000000087b00000, 0x0000000087c00000|  0%| F|  |TAMS 0x0000000087b00000, 0x0000000087b00000| Untracked 
|  28|0x0000000087c00000, 0x0000000087c00000, 0x0000000087d00000|  0%| F|  |TAMS 0x0000000087c00000, 0x0000000087c00000| Untracked 
|  29|0x0000000087d00000, 0x0000000087d00000, 0x0000000087e00000|  0%| F|  |TAMS 0x0000000087d00000, 0x0000000087d00000| Untracked 
|  30|0x0000000087e00000, 0x0000000087e00000, 0x0000000087f00000|  0%| F|  |TAMS 0x0000000087e00000, 0x0000000087e00000| Untracked 
|  31|0x0000000087f00000, 0x0000000087f00000, 0x0000000088000000|  0%| F|  |TAMS 0x0000000087f00000, 0x0000000087f00000| Untracked 
|  32|0x0000000088000000, 0x0000000088000000, 0x0000000088100000|  0%| F|  |TAMS 0x0000000088000000, 0x0000000088000000| Untracked 
|  33|0x0000000088100000, 0x0000000088100000, 0x0000000088200000|  0%| F|  |TAMS 0x0000000088100000, 0x0000000088100000| Untracked 
|  34|0x0000000088200000, 0x0000000088200000, 0x0000000088300000|  0%| F|  |TAMS 0x0000000088200000, 0x0000000088200000| Untracked 
|  35|0x0000000088300000, 0x0000000088300000, 0x0000000088400000|  0%| F|  |TAMS 0x0000000088300000, 0x0000000088300000| Untracked 
|  36|0x0000000088400000, 0x0000000088400000, 0x0000000088500000|  0%| F|  |TAMS 0x0000000088400000, 0x0000000088400000| Untracked 
|  37|0x0000000088500000, 0x0000000088500000, 0x0000000088600000|  0%| F|  |TAMS 0x0000000088500000, 0x0000000088500000| Untracked 
|  38|0x0000000088600000, 0x0000000088600000, 0x0000000088700000|  0%| F|  |TAMS 0x0000000088600000, 0x0000000088600000| Untracked 
|  39|0x0000000088700000, 0x0000000088700000, 0x0000000088800000|  0%| F|  |TAMS 0x0000000088700000, 0x0000000088700000| Untracked 
|  40|0x0000000088800000, 0x0000000088800000, 0x0000000088900000|  0%| F|  |TAMS 0x0000000088800000, 0x0000000088800000| Untracked 
|  41|0x0000000088900000, 0x0000000088900000, 0x0000000088a00000|  0%| F|  |TAMS 0x0000000088900000, 0x0000000088900000| Untracked 
|  42|0x0000000088a00000, 0x0000000088a00000, 0x0000000088b00000|  0%| F|  |TAMS 0x0000000088a00000, 0x0000000088a00000| Untracked 
|  43|0x0000000088b00000, 0x0000000088b00000, 0x0000000088c00000|  0%| F|  |TAMS 0x0000000088b00000, 0x0000000088b00000| Untracked 
|  44|0x0000000088c00000, 0x0000000088c00000, 0x0000000088d00000|  0%| F|  |TAMS 0x0000000088c00000, 0x0000000088c00000| Untracked 
|  45|0x0000000088d00000, 0x0000000088d00000, 0x0000000088e00000|  0%| F|  |TAMS 0x0000000088d00000, 0x0000000088d00000| Untracked 
|  46|0x0000000088e00000, 0x0000000088e00000, 0x0000000088f00000|  0%| F|  |TAMS 0x0000000088e00000, 0x0000000088e00000| Untracked 
|  47|0x0000000088f00000, 0x0000000088f00000, 0x0000000089000000|  0%| F|  |TAMS 0x0000000088f00000, 0x0000000088f00000| Untracked 
|  48|0x0000000089000000, 0x0000000089000000, 0x0000000089100000|  0%| F|  |TAMS 0x0000000089000000, 0x0000000089000000| Untracked 
|  49|0x0000000089100000, 0x0000000089100000, 0x0000000089200000|  0%| F|  |TAMS 0x0000000089100000, 0x0000000089100000| Untracked 
|  50|0x0000000089200000, 0x0000000089200000, 0x0000000089300000|  0%| F|  |TAMS 0x0000000089200000, 0x0000000089200000| Untracked 
|  51|0x0000000089300000, 0x0000000089300000, 0x0000000089400000|  0%| F|  |TAMS 0x0000000089300000, 0x0000000089300000| Untracked 
|  52|0x0000000089400000, 0x0000000089400000, 0x0000000089500000|  0%| F|  |TAMS 0x0000000089400000, 0x0000000089400000| Untracked 
|  53|0x0000000089500000, 0x0000000089500000, 0x0000000089600000|  0%| F|  |TAMS 0x0000000089500000, 0x0000000089500000| Untracked 
|  54|0x0000000089600000, 0x0000000089600000, 0x0000000089700000|  0%| F|  |TAMS 0x0000000089600000, 0x0000000089600000| Untracked 
|  55|0x0000000089700000, 0x0000000089700000, 0x0000000089800000|  0%| F|  |TAMS 0x0000000089700000, 0x0000000089700000| Untracked 
|  56|0x0000000089800000, 0x0000000089800000, 0x0000000089900000|  0%| F|  |TAMS 0x0000000089800000, 0x0000000089800000| Untracked 
|  57|0x0000000089900000, 0x0000000089900000, 0x0000000089a00000|  0%| F|  |TAMS 0x0000000089900000, 0x0000000089900000| Untracked 
|  58|0x0000000089a00000, 0x0000000089a00000, 0x0000000089b00000|  0%| F|  |TAMS 0x0000000089a00000, 0x0000000089a00000| Untracked 
|  59|0x0000000089b00000, 0x0000000089b00000, 0x0000000089c00000|  0%| F|  |TAMS 0x0000000089b00000, 0x0000000089b00000| Untracked 
|  60|0x0000000089c00000, 0x0000000089c00000, 0x0000000089d00000|  0%| F|  |TAMS 0x0000000089c00000, 0x0000000089c00000| Untracked 
|  61|0x0000000089d00000, 0x0000000089d00000, 0x0000000089e00000|  0%| F|  |TAMS 0x0000000089d00000, 0x0000000089d00000| Untracked 
|  62|0x0000000089e00000, 0x0000000089e00000, 0x0000000089f00000|  0%| F|  |TAMS 0x0000000089e00000, 0x0000000089e00000| Untracked 
|  63|0x0000000089f00000, 0x0000000089f00000, 0x000000008a000000|  0%| F|  |TAMS 0x0000000089f00000, 0x0000000089f00000| Untracked 
|  64|0x000000008a000000, 0x000000008a000000, 0x000000008a100000|  0%| F|  |TAMS 0x000000008a000000, 0x000000008a000000| Untracked 
|  65|0x000000008a100000, 0x000000008a100000, 0x000000008a200000|  0%| F|  |TAMS 0x000000008a100000, 0x000000008a100000| Untracked 
|  66|0x000000008a200000, 0x000000008a200000, 0x000000008a300000|  0%| F|  |TAMS 0x000000008a200000, 0x000000008a200000| Untracked 
|  67|0x000000008a300000, 0x000000008a300000, 0x000000008a400000|  0%| F|  |TAMS 0x000000008a300000, 0x000000008a300000| Untracked 
|  68|0x000000008a400000, 0x000000008a400000, 0x000000008a500000|  0%| F|  |TAMS 0x000000008a400000, 0x000000008a400000| Untracked 
|  69|0x000000008a500000, 0x000000008a500000, 0x000000008a600000|  0%| F|  |TAMS 0x000000008a500000, 0x000000008a500000| Untracked 
|  70|0x000000008a600000, 0x000000008a600000, 0x000000008a700000|  0%| F|  |TAMS 0x000000008a600000, 0x000000008a600000| Untracked 
|  71|0x000000008a700000, 0x000000008a700000, 0x000000008a800000|  0%| F|  |TAMS 0x000000008a700000, 0x000000008a700000| Untracked 
|  72|0x000000008a800000, 0x000000008a800000, 0x000000008a900000|  0%| F|  |TAMS 0x000000008a800000, 0x000000008a800000| Untracked 
|  73|0x000000008a900000, 0x000000008a900000, 0x000000008aa00000|  0%| F|  |TAMS 0x000000008a900000, 0x000000008a900000| Untracked 
|  74|0x000000008aa00000, 0x000000008aa00000, 0x000000008ab00000|  0%| F|  |TAMS 0x000000008aa00000, 0x000000008aa00000| Untracked 
|  75|0x000000008ab00000, 0x000000008ab00000, 0x000000008ac00000|  0%| F|  |TAMS 0x000000008ab00000, 0x000000008ab00000| Untracked 
|  76|0x000000008ac00000, 0x000000008ac00000, 0x000000008ad00000|  0%| F|  |TAMS 0x000000008ac00000, 0x000000008ac00000| Untracked 
|  77|0x000000008ad00000, 0x000000008ad00000, 0x000000008ae00000|  0%| F|  |TAMS 0x000000008ad00000, 0x000000008ad00000| Untracked 
|  78|0x000000008ae00000, 0x000000008ae00000, 0x000000008af00000|  0%| F|  |TAMS 0x000000008ae00000, 0x000000008ae00000| Untracked 
|  79|0x000000008af00000, 0x000000008af00000, 0x000000008b000000|  0%| F|  |TAMS 0x000000008af00000, 0x000000008af00000| Untracked 
|  80|0x000000008b000000, 0x000000008b000000, 0x000000008b100000|  0%| F|  |TAMS 0x000000008b000000, 0x000000008b000000| Untracked 
|  81|0x000000008b100000, 0x000000008b100000, 0x000000008b200000|  0%| F|  |TAMS 0x000000008b100000, 0x000000008b100000| Untracked 
|  82|0x000000008b200000, 0x000000008b200000, 0x000000008b300000|  0%| F|  |TAMS 0x000000008b200000, 0x000000008b200000| Untracked 
|  83|0x000000008b300000, 0x000000008b300000, 0x000000008b400000|  0%| F|  |TAMS 0x000000008b300000, 0x000000008b300000| Untracked 
|  84|0x000000008b400000, 0x000000008b400000, 0x000000008b500000|  0%| F|  |TAMS 0x000000008b400000, 0x000000008b400000| Untracked 
|  85|0x000000008b500000, 0x000000008b500000, 0x000000008b600000|  0%| F|  |TAMS 0x000000008b500000, 0x000000008b500000| Untracked 
|  86|0x000000008b600000, 0x000000008b600000, 0x000000008b700000|  0%| F|  |TAMS 0x000000008b600000, 0x000000008b600000| Untracked 
|  87|0x000000008b700000, 0x000000008b700000, 0x000000008b800000|  0%| F|  |TAMS 0x000000008b700000, 0x000000008b700000| Untracked 
|  88|0x000000008b800000, 0x000000008b800000, 0x000000008b900000|  0%| F|  |TAMS 0x000000008b800000, 0x000000008b800000| Untracked 
|  89|0x000000008b900000, 0x000000008b900000, 0x000000008ba00000|  0%| F|  |TAMS 0x000000008b900000, 0x000000008b900000| Untracked 
|  90|0x000000008ba00000, 0x000000008ba00000, 0x000000008bb00000|  0%| F|  |TAMS 0x000000008ba00000, 0x000000008ba00000| Untracked 
|  91|0x000000008bb00000, 0x000000008bb00000, 0x000000008bc00000|  0%| F|  |TAMS 0x000000008bb00000, 0x000000008bb00000| Untracked 
|  92|0x000000008bc00000, 0x000000008bc00000, 0x000000008bd00000|  0%| F|  |TAMS 0x000000008bc00000, 0x000000008bc00000| Untracked 
|  93|0x000000008bd00000, 0x000000008bd00000, 0x000000008be00000|  0%| F|  |TAMS 0x000000008bd00000, 0x000000008bd00000| Untracked 
|  94|0x000000008be00000, 0x000000008be00000, 0x000000008bf00000|  0%| F|  |TAMS 0x000000008be00000, 0x000000008be00000| Untracked 
|  95|0x000000008bf00000, 0x000000008bf00000, 0x000000008c000000|  0%| F|  |TAMS 0x000000008bf00000, 0x000000008bf00000| Untracked 
|  96|0x000000008c000000, 0x000000008c100000, 0x000000008c100000|100%| S|CS|TAMS 0x000000008c000000, 0x000000008c000000| Complete 
|  97|0x000000008c100000, 0x000000008c200000, 0x000000008c200000|100%| S|CS|TAMS 0x000000008c100000, 0x000000008c100000| Complete 
|  98|0x000000008c200000, 0x000000008c300000, 0x000000008c300000|100%| S|CS|TAMS 0x000000008c200000, 0x000000008c200000| Complete 
|  99|0x000000008c300000, 0x000000008c300000, 0x000000008c400000|  0%| F|  |TAMS 0x000000008c300000, 0x000000008c300000| Untracked 
| 100|0x000000008c400000, 0x000000008c400000, 0x000000008c500000|  0%| F|  |TAMS 0x000000008c400000, 0x000000008c400000| Untracked 
| 101|0x000000008c500000, 0x000000008c500000, 0x000000008c600000|  0%| F|  |TAMS 0x000000008c500000, 0x000000008c500000| Untracked 
| 102|0x000000008c600000, 0x000000008c600000, 0x000000008c700000|  0%| F|  |TAMS 0x000000008c600000, 0x000000008c600000| Untracked 
| 103|0x000000008c700000, 0x000000008c700000, 0x000000008c800000|  0%| F|  |TAMS 0x000000008c700000, 0x000000008c700000| Untracked 
| 104|0x000000008c800000, 0x000000008c800000, 0x000000008c900000|  0%| F|  |TAMS 0x000000008c800000, 0x000000008c800000| Untracked 
| 105|0x000000008c900000, 0x000000008c900000, 0x000000008ca00000|  0%| F|  |TAMS 0x000000008c900000, 0x000000008c900000| Untracked 
| 106|0x000000008ca00000, 0x000000008ca00000, 0x000000008cb00000|  0%| F|  |TAMS 0x000000008ca00000, 0x000000008ca00000| Untracked 
| 107|0x000000008cb00000, 0x000000008cb00000, 0x000000008cc00000|  0%| F|  |TAMS 0x000000008cb00000, 0x000000008cb00000| Untracked 
| 108|0x000000008cc00000, 0x000000008cc00000, 0x000000008cd00000|  0%| F|  |TAMS 0x000000008cc00000, 0x000000008cc00000| Untracked 
| 109|0x000000008cd00000, 0x000000008cd00000, 0x000000008ce00000|  0%| F|  |TAMS 0x000000008cd00000, 0x000000008cd00000| Untracked 
| 110|0x000000008ce00000, 0x000000008ce00000, 0x000000008cf00000|  0%| F|  |TAMS 0x000000008ce00000, 0x000000008ce00000| Untracked 
| 111|0x000000008cf00000, 0x000000008cf00000, 0x000000008d000000|  0%| F|  |TAMS 0x000000008cf00000, 0x000000008cf00000| Untracked 
| 112|0x000000008d000000, 0x000000008d000000, 0x000000008d100000|  0%| F|  |TAMS 0x000000008d000000, 0x000000008d000000| Untracked 
| 113|0x000000008d100000, 0x000000008d100000, 0x000000008d200000|  0%| F|  |TAMS 0x000000008d100000, 0x000000008d100000| Untracked 
| 114|0x000000008d200000, 0x000000008d200000, 0x000000008d300000|  0%| F|  |TAMS 0x000000008d200000, 0x000000008d200000| Untracked 
| 115|0x000000008d300000, 0x000000008d300000, 0x000000008d400000|  0%| F|  |TAMS 0x000000008d300000, 0x000000008d300000| Untracked 
| 116|0x000000008d400000, 0x000000008d500000, 0x000000008d500000|100%| E|  |TAMS 0x000000008d400000, 0x000000008d400000| Complete 
| 117|0x000000008d500000, 0x000000008d600000, 0x000000008d600000|100%| E|CS|TAMS 0x000000008d500000, 0x000000008d500000| Complete 
| 118|0x000000008d600000, 0x000000008d700000, 0x000000008d700000|100%| E|CS|TAMS 0x000000008d600000, 0x000000008d600000| Complete 
| 119|0x000000008d700000, 0x000000008d800000, 0x000000008d800000|100%| E|CS|TAMS 0x000000008d700000, 0x000000008d700000| Complete 
| 120|0x000000008d800000, 0x000000008d900000, 0x000000008d900000|100%| E|CS|TAMS 0x000000008d800000, 0x000000008d800000| Complete 
| 121|0x000000008d900000, 0x000000008da00000, 0x000000008da00000|100%| E|CS|TAMS 0x000000008d900000, 0x000000008d900000| Complete 

Card table byte_map: [0x0000022ba0410000,0x0000022ba07e0000] _byte_map_base: 0x0000022b9ffe0000

Marking Bits (Prev, Next): (CMBitMap*) 0x0000022b8d35bd40, (CMBitMap*) 0x0000022b8d35bd80
 Prev Bits: [0x0000022ba0bb0000, 0x0000022ba2a30000)
 Next Bits: [0x0000022ba2a30000, 0x0000022ba48b0000)

Polling page: 0x0000022b8b260000

Metaspace:

Usage:
  Non-class:     11.09 MB used.
      Class:      1.40 MB used.
       Both:     12.49 MB used.

Virtual space:
  Non-class space:       16.00 MB reserved,      11.19 MB ( 70%) committed,  2 nodes.
      Class space:        1.00 GB reserved,       1.50 MB ( <1%) committed,  1 nodes.
             Both:        1.02 GB reserved,      12.69 MB (  1%) committed. 

Chunk freelists:
   Non-Class:  126.00 KB
       Class:  2.39 MB
        Both:  2.51 MB

MaxMetaspaceSize: unlimited
CompressedClassSpaceSize: 1.00 GB
Initial GC threshold: 21.00 MB
Current GC threshold: 21.00 MB
CDS: off
MetaspaceReclaimPolicy: balanced
 - commit_granule_bytes: 65536.
 - commit_granule_words: 8192.
 - virtual_space_node_default_size: 1048576.
 - enlarge_chunks_in_place: 1.
 - new_chunks_are_fully_committed: 0.
 - uncommit_free_chunks: 1.
 - use_allocation_guard: 0.
 - handle_deallocations: 1.


Internal statistics:

num_allocs_failed_limit: 0.
num_arena_births: 62.
num_arena_deaths: 0.
num_vsnodes_births: 3.
num_vsnodes_deaths: 0.
num_space_committed: 203.
num_space_uncommitted: 0.
num_chunks_returned_to_freelist: 0.
num_chunks_taken_from_freelist: 220.
num_chunk_merges: 0.
num_chunk_splits: 141.
num_chunks_enlarged: 117.
num_purges: 0.
num_inconsistent_stats: 0.

CodeHeap 'non-profiled nmethods': size=119168Kb used=378Kb max_used=378Kb free=118789Kb
 bounds [0x0000022b98360000, 0x0000022b985d0000, 0x0000022b9f7c0000]
CodeHeap 'profiled nmethods': size=119104Kb used=1782Kb max_used=1782Kb free=117322Kb
 bounds [0x0000022b907c0000, 0x0000022b90a30000, 0x0000022b97c10000]
CodeHeap 'non-nmethods': size=7488Kb used=1703Kb max_used=1724Kb free=5784Kb
 bounds [0x0000022b97c10000, 0x0000022b97e80000, 0x0000022b98360000]
 total_blobs=1418 nmethods=988 adapters=342
 compilation: enabled
              stopped_count=0, restarted_count=0
 full_count=0

Compilation events (20 events):
Event: 1.957 Thread 0x0000022ba844da10 nmethod 977 0x0000022b90979a10 code [0x0000022b90979be0, 0x0000022b90979fd8]
Event: 1.957 Thread 0x0000022ba7805ac0 nmethod 976 0x0000022b9097a190 code [0x0000022b9097a360, 0x0000022b9097a8d8]
Event: 1.994 Thread 0x0000022ba844da10  978       3       java.util.HashMap::get (19 bytes)
Event: 1.994 Thread 0x0000022ba844da10 nmethod 978 0x0000022b9097aa90 code [0x0000022b9097ac40, 0x0000022b9097ae08]
Event: 1.995 Thread 0x0000022ba844da10  979       3       java.util.HashMap::getNode (150 bytes)
Event: 1.995 Thread 0x0000022ba844da10 nmethod 979 0x0000022b9097af10 code [0x0000022b9097b140, 0x0000022b9097bcd8]
Event: 2.035 Thread 0x0000022ba844d500  980       4       java.util.concurrent.ConcurrentHashMap::get (162 bytes)
Event: 2.038 Thread 0x0000022ba844d500 nmethod 980 0x0000022b983bc810 code [0x0000022b983bc9a0, 0x0000022b983bcc78]
Event: 2.038 Thread 0x0000022ba844d500  981       4       jdk.internal.misc.Unsafe::allocateUninitializedArray (55 bytes)
Event: 2.039 Thread 0x0000022ba844d500 nmethod 981 0x0000022b983bcf10 code [0x0000022b983bd0a0, 0x0000022b983bd258]
Event: 2.045 Thread 0x0000022ba844d500  982       4       jdk.internal.misc.Unsafe::allocateUninitializedArray0 (90 bytes)
Event: 2.046 Thread 0x0000022ba844d500 nmethod 982 0x0000022b983bd390 code [0x0000022b983bd520, 0x0000022b983bd6d8]
Event: 2.055 Thread 0x0000022ba844d500  983       4       jdk.internal.misc.Unsafe::allocateUninitializedArray (55 bytes)
Event: 2.056 Thread 0x0000022ba844d500 nmethod 983 0x0000022b983bd790 code [0x0000022b983bd920, 0x0000022b983bdad8]
Event: 2.056 Thread 0x0000022ba844d500  984 %     4       sun.net.www.ParseUtil::firstEncodeIndex @ 7 (86 bytes)
Event: 2.060 Thread 0x0000022ba844d500 nmethod 984% 0x0000022b983be010 code [0x0000022b983be1a0, 0x0000022b983be408]
Event: 2.065 Thread 0x0000022ba7805ac0  987       3       jdk.internal.org.objectweb.asm.MethodWriter::visitLabel (328 bytes)
Event: 2.065 Thread 0x0000022ba7805ac0 nmethod 987 0x0000022b9097bf90 code [0x0000022b9097c200, 0x0000022b9097cf68]
Event: 2.085 Thread 0x0000022ba7805ac0  988       3       java.lang.ref.SoftReference::<init> (13 bytes)
Event: 2.085 Thread 0x0000022ba7805ac0 nmethod 988 0x0000022b9097d210 code [0x0000022b9097d3c0, 0x0000022b9097d6d8]

GC Heap History (2 events):
Event: 1.691 GC heap before
{Heap before GC invocations=0 (full 0):
 garbage-first heap   total 124928K, used 25600K [0x0000000086000000, 0x0000000100000000)
  region size 1024K, 23 young (23552K), 0 survivors (0K)
 Metaspace       used 11108K, committed 11264K, reserved 1064960K
  class space    used 1154K, committed 1216K, reserved 1048576K
}
Event: 1.704 GC heap after
{Heap after GC invocations=1 (full 0):
 garbage-first heap   total 124928K, used 9916K [0x0000000086000000, 0x0000000100000000)
  region size 1024K, 3 young (3072K), 3 survivors (3072K)
 Metaspace       used 11108K, committed 11264K, reserved 1064960K
  class space    used 1154K, committed 1216K, reserved 1048576K
}

Dll operation events (2 events):
Event: 0.023 Loaded shared library C:\Program Files\Android\Android Studio\jbr\bin\java.dll
Event: 0.264 Loaded shared library C:\Program Files\Android\Android Studio\jbr\bin\verify.dll

Deoptimization events (20 events):
Event: 1.994 Thread 0x0000022b8d304670 Uncommon trap: trap_request=0xffffff45 fr.pc=0x0000022b9839dff4 relative=0x00000000000005b4
Event: 1.994 Thread 0x0000022b8d304670 Uncommon trap: reason=unstable_if action=reinterpret pc=0x0000022b9839dff4 method=java.util.HashMap.hash(Ljava/lang/Object;)I @ 1 c2
Event: 1.994 Thread 0x0000022b8d304670 DEOPT PACKING pc=0x0000022b9839dff4 sp=0x00000042f65fc880
Event: 1.994 Thread 0x0000022b8d304670 DEOPT UNPACKING pc=0x0000022b97c669a3 sp=0x00000042f65fc798 mode 2
Event: 2.041 Thread 0x0000022b8d304670 Uncommon trap: trap_request=0xffffffde fr.pc=0x0000022b983bd1ac relative=0x000000000000010c
Event: 2.041 Thread 0x0000022b8d304670 Uncommon trap: reason=class_check action=maybe_recompile pc=0x0000022b983bd1ac method=jdk.internal.misc.Unsafe.allocateUninitializedArray(Ljava/lang/Class;I)Ljava/lang/Object; @ 51 c2
Event: 2.041 Thread 0x0000022b8d304670 DEOPT PACKING pc=0x0000022b983bd1ac sp=0x00000042f65fa0f0
Event: 2.041 Thread 0x0000022b8d304670 DEOPT UNPACKING pc=0x0000022b97c669a3 sp=0x00000042f65fa078 mode 2
Event: 2.041 Thread 0x0000022b8d304670 Uncommon trap: trap_request=0xffffffde fr.pc=0x0000022b983bd1ac relative=0x000000000000010c
Event: 2.041 Thread 0x0000022b8d304670 Uncommon trap: reason=class_check action=maybe_recompile pc=0x0000022b983bd1ac method=jdk.internal.misc.Unsafe.allocateUninitializedArray(Ljava/lang/Class;I)Ljava/lang/Object; @ 51 c2
Event: 2.041 Thread 0x0000022b8d304670 DEOPT PACKING pc=0x0000022b983bd1ac sp=0x00000042f65fa190
Event: 2.041 Thread 0x0000022b8d304670 DEOPT UNPACKING pc=0x0000022b97c669a3 sp=0x00000042f65fa118 mode 2
Event: 2.041 Thread 0x0000022b8d304670 Uncommon trap: trap_request=0xffffffde fr.pc=0x0000022b983bd1ac relative=0x000000000000010c
Event: 2.041 Thread 0x0000022b8d304670 Uncommon trap: reason=class_check action=maybe_recompile pc=0x0000022b983bd1ac method=jdk.internal.misc.Unsafe.allocateUninitializedArray(Ljava/lang/Class;I)Ljava/lang/Object; @ 51 c2
Event: 2.041 Thread 0x0000022b8d304670 DEOPT PACKING pc=0x0000022b983bd1ac sp=0x00000042f65fa1c0
Event: 2.041 Thread 0x0000022b8d304670 DEOPT UNPACKING pc=0x0000022b97c669a3 sp=0x00000042f65fa148 mode 2
Event: 2.041 Thread 0x0000022b8d304670 Uncommon trap: trap_request=0xffffffde fr.pc=0x0000022b983bd1ac relative=0x000000000000010c
Event: 2.041 Thread 0x0000022b8d304670 Uncommon trap: reason=class_check action=maybe_recompile pc=0x0000022b983bd1ac method=jdk.internal.misc.Unsafe.allocateUninitializedArray(Ljava/lang/Class;I)Ljava/lang/Object; @ 51 c2
Event: 2.041 Thread 0x0000022b8d304670 DEOPT PACKING pc=0x0000022b983bd1ac sp=0x00000042f65fa260
Event: 2.041 Thread 0x0000022b8d304670 DEOPT UNPACKING pc=0x0000022b97c669a3 sp=0x00000042f65fa1e8 mode 2

Classes unloaded (0 events):
No events

Classes redefined (0 events):
No events

Internal exceptions (13 events):
Event: 0.435 Thread 0x0000022b8d304670 Exception <a 'java/lang/NoSuchMethodError'{0x000000008d53dd30}: 'int java.lang.invoke.DirectMethodHandle$Holder.invokeStaticInit(java.lang.Object, java.lang.Object)'> (0x000000008d53dd30) 
thrown [s\src\hotspot\share\interpreter\linkResolver.cpp, line 771]
Event: 1.578 Thread 0x0000022b8d304670 Exception <a 'java/lang/NoSuchMethodError'{0x000000008c45c4c8}: 'void java.lang.invoke.DirectMethodHandle$Holder.invokeStatic(java.lang.Object, java.lang.Object)'> (0x000000008c45c4c8) 
thrown [s\src\hotspot\share\interpreter\linkResolver.cpp, line 771]
Event: 1.654 Thread 0x0000022b8d304670 Exception <a 'java/lang/NoClassDefFoundError'{0x000000008c4e4bd8}: org/slf4j/impl/StaticMarkerBinder> (0x000000008c4e4bd8) 
thrown [s\src\hotspot\share\classfile\systemDictionary.cpp, line 245]
Event: 1.672 Thread 0x0000022b8d304670 Exception <a 'java/lang/NoSuchMethodError'{0x000000008c381fb8}: 'java.lang.Object java.lang.invoke.DirectMethodHandle$Holder.invokeVirtual(java.lang.Object, java.lang.Object, java.lang.Object, java.lang.Object, java.lang.Object, java.lang.Object, java.lang.Object)'> (0x000000008c381fb8) 
thrown [s\src\hotspot\share\interpreter\linkResolver.cpp, line 771]
Event: 1.675 Thread 0x0000022b8d304670 Exception <a 'java/lang/NoSuchMethodError'{0x000000008c3935b0}: 'java.lang.Object java.lang.invoke.Invokers$Holder.invoker(java.lang.Object, java.lang.Object, java.lang.Object)'> (0x000000008c3935b0) 
thrown [s\src\hotspot\share\interpreter\linkResolver.cpp, line 771]
Event: 1.679 Thread 0x0000022b8d304670 Exception <a 'java/lang/NoSuchMethodError'{0x000000008c39c658}: 'java.lang.Object java.lang.invoke.DirectMethodHandle$Holder.invokeStatic(java.lang.Object, java.lang.Object, int)'> (0x000000008c39c658) 
thrown [s\src\hotspot\share\interpreter\linkResolver.cpp, line 771]
Event: 1.680 Thread 0x0000022b8d304670 Exception <a 'java/lang/NoSuchMethodError'{0x000000008c3a8348}: 'void java.lang.invoke.DelegatingMethodHandle$Holder.delegate(java.lang.Object, java.lang.Object, int, java.lang.Object)'> (0x000000008c3a8348) 
thrown [s\src\hotspot\share\interpreter\linkResolver.cpp, line 771]
Event: 1.681 Thread 0x0000022b8d304670 Exception <a 'java/lang/NoSuchMethodError'{0x000000008c3ac490}: 'int java.lang.invoke.DirectMethodHandle$Holder.invokeSpecial(java.lang.Object, java.lang.Object, java.lang.Object)'> (0x000000008c3ac490) 
thrown [s\src\hotspot\share\interpreter\linkResolver.cpp, line 771]
Event: 1.685 Thread 0x0000022b8d304670 Exception <a 'java/lang/NoSuchMethodError'{0x000000008c3bf648}: 'java.lang.Object java.lang.invoke.Invokers$Holder.invokeExact_MT(java.lang.Object, java.lang.Object, java.lang.Object, java.lang.Object)'> (0x000000008c3bf648) 
thrown [s\src\hotspot\share\interpreter\linkResolver.cpp, line 771]
Event: 1.937 Thread 0x0000022b8d304670 Exception <a 'java/lang/NoSuchMethodError'{0x000000008d506a08}: 'void java.lang.invoke.DirectMethodHandle$Holder.invokeSpecial(java.lang.Object, java.lang.Object, java.lang.Object)'> (0x000000008d506a08) 
thrown [s\src\hotspot\share\interpreter\linkResolver.cpp, line 771]
Event: 1.994 Thread 0x0000022b8d304670 Implicit null exception at 0x0000022b983b098c to 0x0000022b983b0ed0
Event: 1.994 Thread 0x0000022b8d304670 Implicit null exception at 0x0000022b9839da8f to 0x0000022b9839dfd4
Event: 2.064 Thread 0x0000022b8d304670 Exception <a 'java/lang/NoSuchMethodError'{0x000000008d4a52d8}: 'java.lang.Object java.lang.invoke.DirectMethodHandle$Holder.invokeStaticInit(java.lang.Object)'> (0x000000008d4a52d8) 
thrown [s\src\hotspot\share\interpreter\linkResolver.cpp, line 771]

VM Operations (8 events):
Event: 0.254 Executing VM operation: HandshakeAllThreads
Event: 0.254 Executing VM operation: HandshakeAllThreads done
Event: 1.253 Executing VM operation: Cleanup
Event: 1.253 Executing VM operation: Cleanup done
Event: 1.678 Executing VM operation: HandshakeAllThreads
Event: 1.678 Executing VM operation: HandshakeAllThreads done
Event: 1.690 Executing VM operation: G1CollectForAllocation
Event: 1.704 Executing VM operation: G1CollectForAllocation done

Events (20 events):
Event: 2.078 loading class java/lang/management/RuntimeMXBean
Event: 2.078 loading class java/lang/management/PlatformManagedObject
Event: 2.078 loading class java/lang/management/PlatformManagedObject done
Event: 2.078 loading class java/lang/management/RuntimeMXBean done
Event: 2.078 loading class java/lang/management/ManagementFactory$PlatformMBeanFinder
Event: 2.078 loading class java/lang/management/ManagementFactory$PlatformMBeanFinder done
Event: 2.079 loading class java/lang/management/ManagementFactory$PlatformMBeanFinder$1
Event: 2.079 loading class java/lang/management/ManagementFactory$PlatformMBeanFinder$1 done
Event: 2.079 loading class sun/management/spi/PlatformMBeanProvider
Event: 2.080 loading class sun/management/spi/PlatformMBeanProvider done
Event: 2.081 loading class jdk/management/jfr/internal/FlightRecorderMXBeanProvider
Event: 2.083 loading class jdk/management/jfr/internal/FlightRecorderMXBeanProvider done
Event: 2.083 loading class com/sun/management/internal/PlatformMBeanProviderImpl
Event: 2.085 loading class com/sun/management/internal/PlatformMBeanProviderImpl done
Event: 2.123 Loaded shared library C:\Program Files\Android\Android Studio\jbr\bin\management_ext.dll
Event: 2.123 loading class com/sun/management/internal/PlatformMBeanProviderImpl$1
Event: 2.124 loading class sun/management/spi/PlatformMBeanProvider$PlatformComponent
Event: 2.124 loading class sun/management/spi/PlatformMBeanProvider$PlatformComponent done
Event: 2.124 loading class com/sun/management/internal/PlatformMBeanProviderImpl$1 done
Event: 2.124 loading class java/util/stream/Collectors


Dynamic libraries:
0x00007ff7dc2b0000 - 0x00007ff7dc2ba000 	C:\Program Files\Android\Android Studio\jbr\bin\java.exe
0x00007fff69fb0000 - 0x00007fff6a1c6000 	C:\windows\SYSTEM32\ntdll.dll
0x00007fff68760000 - 0x00007fff68824000 	C:\windows\System32\KERNEL32.DLL
0x00007fff67780000 - 0x00007fff67b27000 	C:\windows\System32\KERNELBASE.dll
0x00007fff674a0000 - 0x00007fff675b1000 	C:\windows\System32\ucrtbase.dll
0x00007fff491b0000 - 0x00007fff491c7000 	C:\Program Files\Android\Android Studio\jbr\bin\jli.dll
0x00007fff685a0000 - 0x00007fff6874e000 	C:\windows\System32\USER32.dll
0x00007fff67470000 - 0x00007fff67496000 	C:\windows\System32\win32u.dll
0x00007fff3eb80000 - 0x00007fff3eb9b000 	C:\Program Files\Android\Android Studio\jbr\bin\VCRUNTIME140.dll
0x00007fff68330000 - 0x00007fff68359000 	C:\windows\System32\GDI32.dll
0x00007fff67660000 - 0x00007fff67779000 	C:\windows\System32\gdi32full.dll
0x00007fff675c0000 - 0x00007fff6765a000 	C:\windows\System32\msvcp_win.dll
0x00007fff3ac80000 - 0x00007fff3af13000 	C:\windows\WinSxS\amd64_microsoft.windows.common-controls_6595b64144ccf1df_6.0.22621.3235_none_270f74e173860f98\COMCTL32.dll
0x00007fff68160000 - 0x00007fff68207000 	C:\windows\System32\msvcrt.dll
0x00007fff68270000 - 0x00007fff682a1000 	C:\windows\System32\IMM32.DLL
0x00007fff491a0000 - 0x00007fff491ac000 	C:\Program Files\Android\Android Studio\jbr\bin\vcruntime140_1.dll
0x00007fff19660000 - 0x00007fff196ed000 	C:\Program Files\Android\Android Studio\jbr\bin\msvcp140.dll
0x00007fff03660000 - 0x00007fff042cd000 	C:\Program Files\Android\Android Studio\jbr\bin\server\jvm.dll
0x00007fff693e0000 - 0x00007fff69492000 	C:\windows\System32\ADVAPI32.dll
0x00007fff68830000 - 0x00007fff688d8000 	C:\windows\System32\sechost.dll
0x00007fff67440000 - 0x00007fff67468000 	C:\windows\System32\bcrypt.dll
0x00007fff69240000 - 0x00007fff69355000 	C:\windows\System32\RPCRT4.dll
0x00007fff53230000 - 0x00007fff5323a000 	C:\windows\SYSTEM32\VERSION.dll
0x00007fff5f2f0000 - 0x00007fff5f324000 	C:\windows\SYSTEM32\WINMM.dll
0x00007fff3e1f0000 - 0x00007fff3e1f9000 	C:\windows\SYSTEM32\WSOCK32.dll
0x00007fff682b0000 - 0x00007fff68321000 	C:\windows\System32\WS2_32.dll
0x00007fff662d0000 - 0x00007fff662e8000 	C:\windows\SYSTEM32\kernel.appcore.dll
0x00007fff57ee0000 - 0x00007fff57eea000 	C:\Program Files\Android\Android Studio\jbr\bin\jimage.dll
0x00007fff5aab0000 - 0x00007fff5ace3000 	C:\windows\SYSTEM32\DBGHELP.DLL
0x00007fff69be0000 - 0x00007fff69f68000 	C:\windows\System32\combase.dll
0x00007fff694a0000 - 0x00007fff69577000 	C:\windows\System32\OLEAUT32.dll
0x00007fff58330000 - 0x00007fff58362000 	C:\windows\SYSTEM32\dbgcore.DLL
0x00007fff67c60000 - 0x00007fff67cd9000 	C:\windows\System32\bcryptPrimitives.dll
0x00007fff50a80000 - 0x00007fff50aa5000 	C:\Program Files\Android\Android Studio\jbr\bin\java.dll
0x00007fff49630000 - 0x00007fff49648000 	C:\Program Files\Android\Android Studio\jbr\bin\zip.dll
0x00007fff688e0000 - 0x00007fff6913c000 	C:\windows\System32\SHELL32.dll
0x00007fff651e0000 - 0x00007fff65ad9000 	C:\windows\SYSTEM32\windows.storage.dll
0x00007fff650a0000 - 0x00007fff651de000 	C:\windows\SYSTEM32\wintypes.dll
0x00007fff69140000 - 0x00007fff69233000 	C:\windows\System32\SHCORE.dll
0x00007fff683d0000 - 0x00007fff6842e000 	C:\windows\System32\shlwapi.dll
0x00007fff67200000 - 0x00007fff67221000 	C:\windows\SYSTEM32\profapi.dll
0x00007fff49240000 - 0x00007fff49259000 	C:\Program Files\Android\Android Studio\jbr\bin\net.dll
0x00007fff60fc0000 - 0x00007fff610f6000 	C:\windows\SYSTEM32\WINHTTP.dll
0x00007fff66730000 - 0x00007fff66799000 	C:\windows\system32\mswsock.dll
0x00007fff491d0000 - 0x00007fff491e6000 	C:\Program Files\Android\Android Studio\jbr\bin\nio.dll
0x00007fff498d0000 - 0x00007fff498e0000 	C:\Program Files\Android\Android Studio\jbr\bin\verify.dll
0x00007fff3c710000 - 0x00007fff3c737000 	C:\Users\user\.gradle\native\c067742578af261105cb4f569cf0c3c89f3d7b1fecec35dd04571415982c5e48\windows-amd64\native-platform.dll
0x00007fff57ed0000 - 0x00007fff57ed9000 	C:\Program Files\Android\Android Studio\jbr\bin\management.dll
0x00007fff49bc0000 - 0x00007fff49bcb000 	C:\Program Files\Android\Android Studio\jbr\bin\management_ext.dll
0x00007fff68360000 - 0x00007fff68368000 	C:\windows\System32\PSAPI.DLL

dbghelp: loaded successfully - version: 4.0.5 - missing functions: none
symbol engine: initialized successfully - sym options: 0x614 - pdb path: .;C:\Program Files\Android\Android Studio\jbr\bin;C:\windows\SYSTEM32;C:\windows\WinSxS\amd64_microsoft.windows.common-controls_6595b64144ccf1df_6.0.22621.3235_none_270f74e173860f98;C:\Program Files\Android\Android Studio\jbr\bin\server;C:\Users\user\.gradle\native\c067742578af261105cb4f569cf0c3c89f3d7b1fecec35dd04571415982c5e48\windows-amd64

VM Arguments:
jvm_args: -Dorg.gradle.appname=gradlew 
java_command: org.gradle.wrapper.GradleWrapperMain -q -Ptarget-platform=android-x64 -Ptarget=C:\capstone\pinkok\Caps_2\lib\main.dart -Pbase-application-name=android.app.Application -Pdart-defines=Zmx1dHRlci5pbnNwZWN0b3Iuc3RydWN0dXJlZEVycm9ycz10cnVl,RkxVVFRFUl9XRUJfQVVUT19ERVRFQ1Q9dHJ1ZQ==,RkxVVFRFUl9XRUJfQ0FOVkFTS0lUX1VSTD1odHRwczovL3d3dy5nc3RhdGljLmNvbS9mbHV0dGVyLWNhbnZhc2tpdC9lNzZjOTU2NDk4ODQxZTFhYjQ1ODU3N2QzODkyMDAzZTU1M2U0ZjNjLw== -Pdart-obfuscation=false -Ptrack-widget-creation=true -Ptree-shake-icons=false -Pfilesystem-scheme=org-dartlang-root assembleDebug
java_class_path (initial): C:\capstone\pinkok\Caps_2\android\\gradle\wrapper\gradle-wrapper.jar
Launcher Type: SUN_STANDARD

[Global flags]
     intx CICompilerCount                          = 12                                        {product} {ergonomic}
     uint ConcGCThreads                            = 3                                         {product} {ergonomic}
     uint G1ConcRefinementThreads                  = 13                                        {product} {ergonomic}
   size_t G1HeapRegionSize                         = 1048576                                   {product} {ergonomic}
    uintx GCDrainStackTargetSize                   = 64                                        {product} {ergonomic}
   size_t InitialHeapSize                          = 127926272                                 {product} {ergonomic}
   size_t MarkStackSize                            = 4194304                                   {product} {ergonomic}
   size_t MaxHeapSize                              = 2046820352                                {product} {ergonomic}
   size_t MaxNewSize                               = 1227882496                                {product} {ergonomic}
   size_t MinHeapDeltaBytes                        = 1048576                                   {product} {ergonomic}
   size_t MinHeapSize                              = 8388608                                   {product} {ergonomic}
    uintx NonNMethodCodeHeapSize                   = 7602480                                {pd product} {ergonomic}
    uintx NonProfiledCodeHeapSize                  = 122027880                              {pd product} {ergonomic}
    uintx ProfiledCodeHeapSize                     = 122027880                              {pd product} {ergonomic}
    uintx ReservedCodeCacheSize                    = 251658240                              {pd product} {ergonomic}
     bool SegmentedCodeCache                       = true                                      {product} {ergonomic}
   size_t SoftMaxHeapSize                          = 2046820352                             {manageable} {ergonomic}
     bool UseCompressedClassPointers               = true                           {product lp64_product} {ergonomic}
     bool UseCompressedOops                        = true                           {product lp64_product} {ergonomic}
     bool UseG1GC                                  = true                                      {product} {ergonomic}
     bool UseLargePagesIndividualAllocation        = false                                  {pd product} {ergonomic}

Logging:
Log output configuration:
 #0: stdout all=warning uptime,level,tags
 #1: stderr all=off uptime,level,tags

Environment Variables:
JAVA_HOME=C:\Program Files\Android\Android Studio\jbr
CLASSPATH=C:\capstone\pinkok\Caps_2\android\\gradle\wrapper\gradle-wrapper.jar
PATH=C:\Program Files\Android\Android Studio\jbr\bin;C:\Program Files (x86)\Common Files\Intel\Shared Libraries\redist\intel64\compiler;C:\windows\system32;C:\windows;C:\windows\System32\Wbem;C:\windows\System32\WindowsPowerShell\v1.0\;C:\windows\System32\OpenSSH\;C:\Program Files\Bandizip\;C:\Program Files\nodejs\;C:\Program Files\MongoDB\Server\6.0\bin;C:\Program Files\Java\jdk-17\bin;C:\Users\user\AppData\Local\Android\Sdk\tools;C:\Users\user\AppData\Local\Android\Sdk\build-tools;C:\Users\user\AppData\Local\Android\Sdk\emulator;C:\Users\user\AppData\Local\Android\Sdk\platform-tools;C:\Program Files\Git\cmd;C:\Program Files\dotnet\;C:\Program Files\Docker\Docker\resources\bin;C:\Program Files\Kubernetes\Minikube;C:\Program Files\Git\cmd;C:\Program Files (x86)\Windows Kits\10\Windows Performance Toolkit\;C:\Users\user\flutter\bin;C:\Users\user\anaconda3;C:\Users\user\anaconda3\Library\mingw-w64\bin;C:\Users\user\anaconda3\Library\usr\bin;C:\Users\user\anaconda3\Library\bin;C:\Users\user\anaconda3\Scripts;C:\Users\user\AppData\Local\Microsoft\WindowsApps;C:\Users\user\AppData\Local\Programs\Microsoft VS Code\bin;C:\Users\user\AppData\Roaming\npm;C:\Users\user\AppData\Local\GitHubDesktop\bin;C:\Users\user\AppData\Local\afreeca;C:\Users\user\.dotnet\tools;C:\Users\user\flutter\bin\mingit\cmd
USERNAME=user
TMPDIR=C:\Users\Public\Documents\ESTsoft\CreatorTemp
OS=Windows_NT
PROCESSOR_IDENTIFIER=Intel64 Family 6 Model 154 Stepping 3, GenuineIntel
TMP=C:\Users\user\AppData\Local\Temp
TEMP=C:\Users\user\AppData\Local\Temp



---------------  S Y S T E M  ---------------

OS:
 Windows 11 , 64 bit Build 22621 (10.0.22621.3374)
OS uptime: 0 days 10:25 hours
Hyper-V role detected

CPU: total 16 (initial active 16) (8 cores per cpu, 2 threads per core) family 6 model 154 stepping 3 microcode 0x423, cx8, cmov, fxsr, ht, mmx, 3dnowpref, sse, sse2, sse3, ssse3, sse4.1, sse4.2, popcnt, lzcnt, tsc, tscinvbit, avx, avx2, aes, erms, clmul, bmi1, bmi2, adx, sha, fma, vzeroupper, clflush, clflushopt, clwb, hv

Memory: 4k page, system-wide physical 7805M (389M free)
TotalPageFile size 24189M (AvailPageFile size 0M)
current process WorkingSet (physical memory assigned to process): 85M, peak: 85M
current process commit charge ("private bytes"): 227M, peak: 227M

vm_info: OpenJDK 64-Bit Server VM (17.0.6+0-b2043.56-9586694) for windows-amd64 JRE (17.0.6+0-b2043.56-9586694), built on Feb  9 2023 20:06:20 by "androidbuild" with MS VC++ 16.10 / 16.11 (VS2019)

END.
